SF:Xkcp.cs
FN:13,System.Void StirlingLabs.Xkcp::Init()
FNDA:1,System.Void StirlingLabs.Xkcp::Init()
DA:14,1
LF:1
LH:1
BRF:0
BRH:0
FNF:1
FNH:1
end_of_record
SF:Xkcp.Sha3_224.cs
FN:29,System.Boolean StirlingLabs.Xkcp::Sha3_224(System.Span`1<System.Byte>,System.ReadOnlySpan`1<System.Byte>)
FNDA:0,System.Boolean StirlingLabs.Xkcp::Sha3_224(System.Span`1<System.Byte>,System.ReadOnlySpan`1<System.Byte>)
DA:30,0
DA:31,0
DA:32,0
DA:33,0
BRDA:30,9,0,0
BRDA:30,9,1,0
FN:45,System.Boolean StirlingLabs.Xkcp::Sha3_224(System.Span`1<System.Byte>,System.Byte[])
FNDA:0,System.Boolean StirlingLabs.Xkcp::Sha3_224(System.Span`1<System.Byte>,System.Byte[])
DA:46,0
DA:47,0
DA:48,0
DA:49,0
BRDA:46,9,0,0
BRDA:46,9,1,0
BRDA:48,62,0,0
BRDA:48,62,1,0
BRDA:48,68,0,0
BRDA:48,68,1,0
FN:61,System.Boolean StirlingLabs.Xkcp::Sha3_224(System.Byte[],System.ReadOnlySpan`1<System.Byte>)
FNDA:0,System.Boolean StirlingLabs.Xkcp::Sha3_224(System.Byte[],System.ReadOnlySpan`1<System.Byte>)
DA:62,0
DA:63,0
DA:64,0
DA:65,0
BRDA:62,5,0,0
BRDA:62,5,1,0
BRDA:63,46,0,0
BRDA:63,46,1,0
BRDA:63,51,0,0
BRDA:63,51,1,0
FN:76,System.Boolean StirlingLabs.Xkcp::Sha3_224(System.Byte[],System.Byte[])
FNDA:0,System.Boolean StirlingLabs.Xkcp::Sha3_224(System.Byte[],System.Byte[])
DA:77,0
DA:78,0
DA:79,0
DA:80,0
BRDA:77,5,0,0
BRDA:77,5,1,0
BRDA:78,46,0,0
BRDA:78,46,1,0
BRDA:78,51,0,0
BRDA:78,51,1,0
BRDA:79,71,0,0
BRDA:79,71,1,0
BRDA:79,77,0,0
BRDA:79,77,1,0
FN:90,System.Byte[] StirlingLabs.Xkcp::Sha3_224(System.ReadOnlySpan`1<System.Byte>)
FNDA:0,System.Byte[] StirlingLabs.Xkcp::Sha3_224(System.ReadOnlySpan`1<System.Byte>)
DA:91,0
DA:92,0
DA:93,0
DA:95,0
DA:96,0
DA:97,0
BRDA:92,11,0,0
BRDA:92,11,1,0
BRDA:92,16,0,0
BRDA:92,16,1,0
BRDA:95,60,0,0
BRDA:95,60,1,0
FN:108,System.Byte[] StirlingLabs.Xkcp::Sha3_224(System.Byte[])
FNDA:0,System.Byte[] StirlingLabs.Xkcp::Sha3_224(System.Byte[])
DA:109,0
DA:110,0
DA:111,0
DA:113,0
DA:114,0
DA:115,0
BRDA:110,11,0,0
BRDA:110,11,1,0
BRDA:110,16,0,0
BRDA:110,16,1,0
BRDA:111,36,0,0
BRDA:111,36,1,0
BRDA:111,42,0,0
BRDA:111,42,1,0
BRDA:113,70,0,0
BRDA:113,70,1,0
FN:127,System.Boolean StirlingLabs.Xkcp::Sha3_224(StirlingLabs.Buffers.BufferOf28Bytes&,System.ReadOnlySpan`1<System.Byte>)
FNDA:0,System.Boolean StirlingLabs.Xkcp::Sha3_224(StirlingLabs.Buffers.BufferOf28Bytes&,System.ReadOnlySpan`1<System.Byte>)
DA:128,0
DA:129,0
DA:130,0
DA:131,0
FN:142,System.Boolean StirlingLabs.Xkcp::Sha3_224(StirlingLabs.Buffers.BufferOf28Bytes&,System.Byte[])
FNDA:0,System.Boolean StirlingLabs.Xkcp::Sha3_224(StirlingLabs.Buffers.BufferOf28Bytes&,System.Byte[])
DA:143,0
DA:144,0
DA:145,0
DA:146,0
BRDA:145,19,0,0
BRDA:145,19,1,0
BRDA:145,24,0,0
BRDA:145,24,1,0
LF:36
LH:0
BRF:44
BRH:0
FNF:8
FNH:0
end_of_record
SF:Xkcp.Sha3_256.cs
FN:29,System.Boolean StirlingLabs.Xkcp::Sha3_256(System.Span`1<System.Byte>,System.ReadOnlySpan`1<System.Byte>)
FNDA:0,System.Boolean StirlingLabs.Xkcp::Sha3_256(System.Span`1<System.Byte>,System.ReadOnlySpan`1<System.Byte>)
DA:30,0
DA:31,0
DA:32,0
DA:33,0
BRDA:30,9,0,0
BRDA:30,9,1,0
FN:45,System.Boolean StirlingLabs.Xkcp::Sha3_256(System.Span`1<System.Byte>,System.Byte[])
FNDA:0,System.Boolean StirlingLabs.Xkcp::Sha3_256(System.Span`1<System.Byte>,System.Byte[])
DA:46,0
DA:47,0
DA:48,0
DA:49,0
BRDA:46,9,0,0
BRDA:46,9,1,0
BRDA:48,62,0,0
BRDA:48,62,1,0
BRDA:48,68,0,0
BRDA:48,68,1,0
FN:61,System.Boolean StirlingLabs.Xkcp::Sha3_256(System.Byte[],System.ReadOnlySpan`1<System.Byte>)
FNDA:0,System.Boolean StirlingLabs.Xkcp::Sha3_256(System.Byte[],System.ReadOnlySpan`1<System.Byte>)
DA:62,0
DA:63,0
DA:64,0
DA:65,0
BRDA:62,5,0,0
BRDA:62,5,1,0
BRDA:63,46,0,0
BRDA:63,46,1,0
BRDA:63,51,0,0
BRDA:63,51,1,0
FN:77,System.Boolean StirlingLabs.Xkcp::Sha3_256(System.Byte[],System.Byte[])
FNDA:0,System.Boolean StirlingLabs.Xkcp::Sha3_256(System.Byte[],System.Byte[])
DA:78,0
DA:79,0
DA:80,0
DA:81,0
BRDA:78,5,0,0
BRDA:78,5,1,0
BRDA:79,46,0,0
BRDA:79,46,1,0
BRDA:79,51,0,0
BRDA:79,51,1,0
BRDA:80,71,0,0
BRDA:80,71,1,0
BRDA:80,77,0,0
BRDA:80,77,1,0
FN:91,System.Byte[] StirlingLabs.Xkcp::Sha3_256(System.ReadOnlySpan`1<System.Byte>)
FNDA:0,System.Byte[] StirlingLabs.Xkcp::Sha3_256(System.ReadOnlySpan`1<System.Byte>)
DA:92,0
DA:93,0
DA:94,0
DA:96,0
DA:97,0
DA:98,0
BRDA:93,11,0,0
BRDA:93,11,1,0
BRDA:93,16,0,0
BRDA:93,16,1,0
BRDA:96,60,0,0
BRDA:96,60,1,0
FN:109,System.Byte[] StirlingLabs.Xkcp::Sha3_256(System.Byte[])
FNDA:0,System.Byte[] StirlingLabs.Xkcp::Sha3_256(System.Byte[])
DA:110,0
DA:111,0
DA:112,0
DA:114,0
DA:115,0
DA:116,0
BRDA:111,11,0,0
BRDA:111,11,1,0
BRDA:111,16,0,0
BRDA:111,16,1,0
BRDA:112,36,0,0
BRDA:112,36,1,0
BRDA:112,42,0,0
BRDA:112,42,1,0
BRDA:114,70,0,0
BRDA:114,70,1,0
FN:128,System.Boolean StirlingLabs.Xkcp::Sha3_256(StirlingLabs.Buffers.BufferOf32Bytes&,System.ReadOnlySpan`1<System.Byte>)
FNDA:0,System.Boolean StirlingLabs.Xkcp::Sha3_256(StirlingLabs.Buffers.BufferOf32Bytes&,System.ReadOnlySpan`1<System.Byte>)
DA:129,0
DA:130,0
DA:131,0
DA:132,0
FN:143,System.Boolean StirlingLabs.Xkcp::Sha3_256(StirlingLabs.Buffers.BufferOf32Bytes&,System.Byte[])
FNDA:6,System.Boolean StirlingLabs.Xkcp::Sha3_256(StirlingLabs.Buffers.BufferOf32Bytes&,System.Byte[])
DA:144,6
DA:145,6
DA:146,6
DA:147,6
BRDA:146,19,0,6
BRDA:146,19,1,1
BRDA:146,24,0,1
BRDA:146,24,1,5
LF:36
LH:4
BRF:44
BRH:4
FNF:8
FNH:1
end_of_record
SF:Xkcp.Sha3_384.cs
FN:29,System.Boolean StirlingLabs.Xkcp::Sha3_384(System.Span`1<System.Byte>,System.ReadOnlySpan`1<System.Byte>)
FNDA:0,System.Boolean StirlingLabs.Xkcp::Sha3_384(System.Span`1<System.Byte>,System.ReadOnlySpan`1<System.Byte>)
DA:30,0
DA:31,0
DA:32,0
DA:33,0
BRDA:30,9,0,0
BRDA:30,9,1,0
FN:45,System.Boolean StirlingLabs.Xkcp::Sha3_384(System.Span`1<System.Byte>,System.Byte[])
FNDA:0,System.Boolean StirlingLabs.Xkcp::Sha3_384(System.Span`1<System.Byte>,System.Byte[])
DA:46,0
DA:47,0
DA:48,0
DA:49,0
BRDA:46,9,0,0
BRDA:46,9,1,0
BRDA:48,62,0,0
BRDA:48,62,1,0
BRDA:48,68,0,0
BRDA:48,68,1,0
FN:61,System.Boolean StirlingLabs.Xkcp::Sha3_384(System.Byte[],System.ReadOnlySpan`1<System.Byte>)
FNDA:0,System.Boolean StirlingLabs.Xkcp::Sha3_384(System.Byte[],System.ReadOnlySpan`1<System.Byte>)
DA:62,0
DA:63,0
DA:64,0
DA:65,0
BRDA:62,5,0,0
BRDA:62,5,1,0
BRDA:63,46,0,0
BRDA:63,46,1,0
BRDA:63,51,0,0
BRDA:63,51,1,0
FN:77,System.Boolean StirlingLabs.Xkcp::Sha3_384(System.Byte[],System.Byte[])
FNDA:0,System.Boolean StirlingLabs.Xkcp::Sha3_384(System.Byte[],System.Byte[])
DA:78,0
DA:79,0
DA:80,0
DA:81,0
BRDA:78,5,0,0
BRDA:78,5,1,0
BRDA:79,46,0,0
BRDA:79,46,1,0
BRDA:79,51,0,0
BRDA:79,51,1,0
BRDA:80,71,0,0
BRDA:80,71,1,0
BRDA:80,77,0,0
BRDA:80,77,1,0
FN:91,System.Byte[] StirlingLabs.Xkcp::Sha3_384(System.ReadOnlySpan`1<System.Byte>)
FNDA:0,System.Byte[] StirlingLabs.Xkcp::Sha3_384(System.ReadOnlySpan`1<System.Byte>)
DA:92,0
DA:93,0
DA:94,0
DA:96,0
DA:97,0
DA:98,0
BRDA:93,11,0,0
BRDA:93,11,1,0
BRDA:93,16,0,0
BRDA:93,16,1,0
BRDA:96,60,0,0
BRDA:96,60,1,0
FN:109,System.Byte[] StirlingLabs.Xkcp::Sha3_384(System.Byte[])
FNDA:0,System.Byte[] StirlingLabs.Xkcp::Sha3_384(System.Byte[])
DA:110,0
DA:111,0
DA:112,0
DA:114,0
DA:115,0
DA:116,0
BRDA:111,11,0,0
BRDA:111,11,1,0
BRDA:111,16,0,0
BRDA:111,16,1,0
BRDA:112,36,0,0
BRDA:112,36,1,0
BRDA:112,42,0,0
BRDA:112,42,1,0
BRDA:114,70,0,0
BRDA:114,70,1,0
FN:128,System.Boolean StirlingLabs.Xkcp::Sha3_384(StirlingLabs.Buffers.BufferOf48Bytes&,System.ReadOnlySpan`1<System.Byte>)
FNDA:0,System.Boolean StirlingLabs.Xkcp::Sha3_384(StirlingLabs.Buffers.BufferOf48Bytes&,System.ReadOnlySpan`1<System.Byte>)
DA:129,0
DA:130,0
DA:131,0
DA:132,0
FN:143,System.Boolean StirlingLabs.Xkcp::Sha3_384(StirlingLabs.Buffers.BufferOf48Bytes&,System.Byte[])
FNDA:0,System.Boolean StirlingLabs.Xkcp::Sha3_384(StirlingLabs.Buffers.BufferOf48Bytes&,System.Byte[])
DA:144,0
DA:145,0
DA:146,0
DA:147,0
BRDA:146,19,0,0
BRDA:146,19,1,0
BRDA:146,24,0,0
BRDA:146,24,1,0
LF:36
LH:0
BRF:44
BRH:0
FNF:8
FNH:0
end_of_record
SF:Xkcp.Sha3_512.cs
FN:29,System.Boolean StirlingLabs.Xkcp::Sha3_512(System.Span`1<System.Byte>,System.ReadOnlySpan`1<System.Byte>)
FNDA:0,System.Boolean StirlingLabs.Xkcp::Sha3_512(System.Span`1<System.Byte>,System.ReadOnlySpan`1<System.Byte>)
DA:30,0
DA:31,0
DA:32,0
DA:33,0
BRDA:30,9,0,0
BRDA:30,9,1,0
FN:45,System.Boolean StirlingLabs.Xkcp::Sha3_512(System.Span`1<System.Byte>,System.Byte[])
FNDA:0,System.Boolean StirlingLabs.Xkcp::Sha3_512(System.Span`1<System.Byte>,System.Byte[])
DA:46,0
DA:47,0
DA:48,0
DA:49,0
BRDA:46,9,0,0
BRDA:46,9,1,0
BRDA:48,62,0,0
BRDA:48,62,1,0
BRDA:48,68,0,0
BRDA:48,68,1,0
FN:61,System.Boolean StirlingLabs.Xkcp::Sha3_512(System.Byte[],System.ReadOnlySpan`1<System.Byte>)
FNDA:0,System.Boolean StirlingLabs.Xkcp::Sha3_512(System.Byte[],System.ReadOnlySpan`1<System.Byte>)
DA:62,0
DA:63,0
DA:64,0
DA:65,0
BRDA:62,5,0,0
BRDA:62,5,1,0
BRDA:63,46,0,0
BRDA:63,46,1,0
BRDA:63,51,0,0
BRDA:63,51,1,0
FN:77,System.Boolean StirlingLabs.Xkcp::Sha3_512(System.Byte[],System.Byte[])
FNDA:0,System.Boolean StirlingLabs.Xkcp::Sha3_512(System.Byte[],System.Byte[])
DA:78,0
DA:79,0
DA:80,0
DA:81,0
BRDA:78,5,0,0
BRDA:78,5,1,0
BRDA:79,46,0,0
BRDA:79,46,1,0
BRDA:79,51,0,0
BRDA:79,51,1,0
BRDA:80,71,0,0
BRDA:80,71,1,0
BRDA:80,77,0,0
BRDA:80,77,1,0
FN:91,System.Byte[] StirlingLabs.Xkcp::Sha3_512(System.ReadOnlySpan`1<System.Byte>)
FNDA:0,System.Byte[] StirlingLabs.Xkcp::Sha3_512(System.ReadOnlySpan`1<System.Byte>)
DA:92,0
DA:93,0
DA:94,0
DA:96,0
DA:97,0
DA:98,0
BRDA:93,11,0,0
BRDA:93,11,1,0
BRDA:93,16,0,0
BRDA:93,16,1,0
BRDA:96,60,0,0
BRDA:96,60,1,0
FN:108,System.Byte[] StirlingLabs.Xkcp::Sha3_512(System.Byte[])
FNDA:0,System.Byte[] StirlingLabs.Xkcp::Sha3_512(System.Byte[])
DA:109,0
DA:110,0
DA:111,0
DA:113,0
DA:114,0
DA:115,0
BRDA:110,11,0,0
BRDA:110,11,1,0
BRDA:110,16,0,0
BRDA:110,16,1,0
BRDA:111,36,0,0
BRDA:111,36,1,0
BRDA:111,42,0,0
BRDA:111,42,1,0
BRDA:113,70,0,0
BRDA:113,70,1,0
FN:127,System.Boolean StirlingLabs.Xkcp::Sha3_512(StirlingLabs.Buffers.BufferOf64Bytes&,System.ReadOnlySpan`1<System.Byte>)
FNDA:0,System.Boolean StirlingLabs.Xkcp::Sha3_512(StirlingLabs.Buffers.BufferOf64Bytes&,System.ReadOnlySpan`1<System.Byte>)
DA:128,0
DA:129,0
DA:130,0
DA:131,0
FN:142,System.Boolean StirlingLabs.Xkcp::Sha3_512(StirlingLabs.Buffers.BufferOf64Bytes&,System.Byte[])
FNDA:0,System.Boolean StirlingLabs.Xkcp::Sha3_512(StirlingLabs.Buffers.BufferOf64Bytes&,System.Byte[])
DA:143,0
DA:144,0
DA:145,0
DA:146,0
BRDA:145,19,0,0
BRDA:145,19,1,0
BRDA:145,24,0,0
BRDA:145,24,1,0
LF:36
LH:0
BRF:44
BRH:0
FNF:8
FNH:0
end_of_record
SF:Xkcp.Shake128.cs
FN:28,System.Boolean StirlingLabs.Xkcp::Shake128(System.Span`1<System.Byte>,System.ReadOnlySpan`1<System.Byte>)
FNDA:0,System.Boolean StirlingLabs.Xkcp::Shake128(System.Span`1<System.Byte>,System.ReadOnlySpan`1<System.Byte>)
DA:29,0
DA:30,0
DA:31,0
FN:42,System.Boolean StirlingLabs.Xkcp::Shake128(System.Span`1<System.Byte>,System.Byte[])
FNDA:0,System.Boolean StirlingLabs.Xkcp::Shake128(System.Span`1<System.Byte>,System.Byte[])
DA:43,0
DA:44,0
DA:45,0
BRDA:44,14,0,0
BRDA:44,14,1,0
BRDA:44,19,0,0
BRDA:44,19,1,0
FN:56,System.Boolean StirlingLabs.Xkcp::Shake128(System.Byte[],System.ReadOnlySpan`1<System.Byte>)
FNDA:0,System.Boolean StirlingLabs.Xkcp::Shake128(System.Byte[],System.ReadOnlySpan`1<System.Byte>)
DA:57,0
DA:58,0
DA:59,0
BRDA:57,3,0,0
BRDA:57,3,1,0
BRDA:57,8,0,0
BRDA:57,8,1,0
FN:70,System.Boolean StirlingLabs.Xkcp::Shake128(System.Byte[],System.Byte[])
FNDA:0,System.Boolean StirlingLabs.Xkcp::Shake128(System.Byte[],System.Byte[])
DA:71,0
DA:72,0
DA:73,0
BRDA:71,3,0,0
BRDA:71,3,1,0
BRDA:71,8,0,0
BRDA:71,8,1,0
BRDA:72,27,0,0
BRDA:72,27,1,0
BRDA:72,32,0,0
BRDA:72,32,1,0
LF:12
LH:0
BRF:16
BRH:0
FNF:4
FNH:0
end_of_record
SF:Xkcp.Shake256.cs
FN:28,System.Boolean StirlingLabs.Xkcp::Shake256(System.Span`1<System.Byte>,System.ReadOnlySpan`1<System.Byte>)
FNDA:0,System.Boolean StirlingLabs.Xkcp::Shake256(System.Span`1<System.Byte>,System.ReadOnlySpan`1<System.Byte>)
DA:29,0
DA:30,0
DA:31,0
FN:42,System.Boolean StirlingLabs.Xkcp::Shake256(System.Span`1<System.Byte>,System.Byte[])
FNDA:0,System.Boolean StirlingLabs.Xkcp::Shake256(System.Span`1<System.Byte>,System.Byte[])
DA:43,0
DA:44,0
DA:45,0
BRDA:44,14,0,0
BRDA:44,14,1,0
BRDA:44,19,0,0
BRDA:44,19,1,0
FN:56,System.Boolean StirlingLabs.Xkcp::Shake256(System.Byte[],System.ReadOnlySpan`1<System.Byte>)
FNDA:0,System.Boolean StirlingLabs.Xkcp::Shake256(System.Byte[],System.ReadOnlySpan`1<System.Byte>)
DA:57,0
DA:58,0
DA:59,0
BRDA:57,3,0,0
BRDA:57,3,1,0
BRDA:57,8,0,0
BRDA:57,8,1,0
FN:70,System.Boolean StirlingLabs.Xkcp::Shake256(System.Byte[],System.Byte[])
FNDA:0,System.Boolean StirlingLabs.Xkcp::Shake256(System.Byte[],System.Byte[])
DA:71,0
DA:72,0
DA:73,0
BRDA:71,3,0,0
BRDA:71,3,1,0
BRDA:71,8,0,0
BRDA:71,8,1,0
BRDA:72,27,0,0
BRDA:72,27,1,0
BRDA:72,32,0,0
BRDA:72,32,1,0
LF:12
LH:0
BRF:16
BRH:0
FNF:4
FNH:0
end_of_record
SF:Xkcp.NativeLibrary.cs
FN:8,System.Void StirlingLabs.Xkcp::.cctor()
FNDA:1,System.Void StirlingLabs.Xkcp::.cctor()
DA:9,1
DA:12,1
DA:13,1
DA:14,1
DA:15,0
DA:16,1
DA:17,1
DA:18,1
DA:19,0
DA:20,0
DA:21,1
DA:22,1
DA:23,0
DA:24,1
DA:25,1
DA:26,0
DA:27,1
DA:28,0
DA:29,1
DA:30,1
DA:31,1
DA:32,0
DA:33,1
DA:34,0
DA:35,0
DA:36,0
DA:37,0
DA:38,1
DA:39,0
DA:40,1
DA:41,0
DA:42,0
DA:43,0
DA:44,0
DA:45,1
DA:46,0
DA:47,1
DA:48,0
DA:49,0
DA:50,0
DA:51,0
DA:52,1
DA:53,0
DA:54,0
DA:55,0
DA:56,0
DA:57,1
DA:58,1
DA:59,1
DA:60,1
DA:61,1
DA:62,0
DA:63,0
DA:64,0
DA:65,0
DA:66,1
DA:67,1
DA:68,1
DA:69,1
DA:70,0
DA:71,1
DA:72,1
DA:73,1
DA:74,0
DA:75,1
DA:76,0
DA:77,0
DA:78,0
DA:79,0
DA:80,1
DA:81,0
DA:82,0
DA:83,0
DA:84,0
DA:85,1
DA:86,0
DA:87,1
DA:88,0
DA:89,1
DA:90,0
DA:91,0
DA:92,0
DA:93,0
DA:94,1
DA:95,0
DA:96,1
DA:97,0
DA:98,0
DA:99,0
DA:100,0
DA:101,1
DA:102,0
DA:103,1
DA:104,0
DA:105,0
DA:106,0
DA:107,0
DA:108,1
DA:109,0
DA:110,0
DA:111,0
DA:112,0
DA:113,1
DA:114,1
DA:115,0
DA:116,1
BRDA:14,11,0,0
BRDA:14,11,1,1
BRDA:18,21,0,0
BRDA:19,35,0,0
BRDA:18,21,1,1
BRDA:19,35,1,1
BRDA:21,44,0,1
BRDA:22,58,0,0
BRDA:21,44,1,1
BRDA:22,58,1,1
BRDA:24,67,0,1
BRDA:25,81,0,0
BRDA:24,67,1,1
BRDA:25,81,1,1
BRDA:27,97,0,0
BRDA:27,97,1,1
BRDA:30,111,0,0
BRDA:32,121,0,0
BRDA:34,135,0,0
BRDA:34,135,1,0
BRDA:36,151,0,0
BRDA:32,121,1,0
BRDA:36,151,1,0
BRDA:39,160,0,0
BRDA:41,174,0,0
BRDA:41,174,1,0
BRDA:43,190,0,0
BRDA:39,160,1,0
BRDA:43,190,1,0
BRDA:46,199,0,0
BRDA:48,213,0,0
BRDA:48,213,1,0
BRDA:50,229,0,0
BRDA:46,199,1,0
BRDA:50,229,1,0
BRDA:53,245,0,0
BRDA:53,245,1,0
BRDA:55,261,0,0
BRDA:30,111,1,1
BRDA:58,278,0,1
BRDA:60,288,0,0
BRDA:62,302,0,0
BRDA:62,302,1,0
BRDA:64,318,0,0
BRDA:60,288,1,1
BRDA:64,318,1,1
BRDA:67,327,0,1
BRDA:69,341,0,0
BRDA:69,341,1,1
BRDA:71,357,0,1
BRDA:67,327,1,0
BRDA:71,357,1,0
BRDA:74,366,0,0
BRDA:76,380,0,0
BRDA:76,380,1,0
BRDA:78,396,0,0
BRDA:74,366,1,0
BRDA:78,396,1,0
BRDA:81,412,0,0
BRDA:81,412,1,0
BRDA:83,428,0,0
BRDA:58,278,1,0
BRDA:86,445,0,0
BRDA:88,455,0,0
BRDA:90,469,0,0
BRDA:90,469,1,0
BRDA:92,485,0,0
BRDA:88,455,1,0
BRDA:92,485,1,0
BRDA:95,494,0,0
BRDA:97,508,0,0
BRDA:97,508,1,0
BRDA:99,524,0,0
BRDA:95,494,1,0
BRDA:99,524,1,0
BRDA:102,533,0,0
BRDA:104,547,0,0
BRDA:104,547,1,0
BRDA:106,563,0,0
BRDA:102,533,1,0
BRDA:106,563,1,0
BRDA:109,579,0,0
BRDA:109,579,1,0
BRDA:111,595,0,0
BRDA:55,261,1,0
BRDA:83,428,1,0
BRDA:86,445,1,0
BRDA:111,595,1,0
LF:106
LH:46
BRF:88
BRH:17
FNF:1
FNH:1
end_of_record
SF:Buffers/BufferComparer.cs
FN:17,System.Boolean StirlingLabs.Buffers.BufferComparer::Equals(StirlingLabs.Buffers.BufferOf28Bytes,StirlingLabs.Buffers.BufferOf28Bytes)
FNDA:0,System.Boolean StirlingLabs.Buffers.BufferComparer::Equals(StirlingLabs.Buffers.BufferOf28Bytes,StirlingLabs.Buffers.BufferOf28Bytes)
DA:18,0
FN:20,System.Int32 StirlingLabs.Buffers.BufferComparer::GetHashCode(StirlingLabs.Buffers.BufferOf28Bytes)
FNDA:0,System.Int32 StirlingLabs.Buffers.BufferComparer::GetHashCode(StirlingLabs.Buffers.BufferOf28Bytes)
DA:21,0
FN:23,System.Int32 StirlingLabs.Buffers.BufferComparer::Compare(StirlingLabs.Buffers.BufferOf28Bytes,StirlingLabs.Buffers.BufferOf28Bytes)
FNDA:0,System.Int32 StirlingLabs.Buffers.BufferComparer::Compare(StirlingLabs.Buffers.BufferOf28Bytes,StirlingLabs.Buffers.BufferOf28Bytes)
DA:24,0
FN:26,System.Boolean StirlingLabs.Buffers.BufferComparer::Equals(StirlingLabs.Buffers.BufferOf32Bytes,StirlingLabs.Buffers.BufferOf32Bytes)
FNDA:0,System.Boolean StirlingLabs.Buffers.BufferComparer::Equals(StirlingLabs.Buffers.BufferOf32Bytes,StirlingLabs.Buffers.BufferOf32Bytes)
DA:27,0
FN:29,System.Int32 StirlingLabs.Buffers.BufferComparer::GetHashCode(StirlingLabs.Buffers.BufferOf32Bytes)
FNDA:0,System.Int32 StirlingLabs.Buffers.BufferComparer::GetHashCode(StirlingLabs.Buffers.BufferOf32Bytes)
DA:30,0
FN:32,System.Int32 StirlingLabs.Buffers.BufferComparer::Compare(StirlingLabs.Buffers.BufferOf32Bytes,StirlingLabs.Buffers.BufferOf32Bytes)
FNDA:0,System.Int32 StirlingLabs.Buffers.BufferComparer::Compare(StirlingLabs.Buffers.BufferOf32Bytes,StirlingLabs.Buffers.BufferOf32Bytes)
DA:33,0
FN:35,System.Boolean StirlingLabs.Buffers.BufferComparer::Equals(StirlingLabs.Buffers.BufferOf48Bytes,StirlingLabs.Buffers.BufferOf48Bytes)
FNDA:0,System.Boolean StirlingLabs.Buffers.BufferComparer::Equals(StirlingLabs.Buffers.BufferOf48Bytes,StirlingLabs.Buffers.BufferOf48Bytes)
DA:36,0
FN:38,System.Int32 StirlingLabs.Buffers.BufferComparer::GetHashCode(StirlingLabs.Buffers.BufferOf48Bytes)
FNDA:0,System.Int32 StirlingLabs.Buffers.BufferComparer::GetHashCode(StirlingLabs.Buffers.BufferOf48Bytes)
DA:39,0
FN:41,System.Int32 StirlingLabs.Buffers.BufferComparer::Compare(StirlingLabs.Buffers.BufferOf48Bytes,StirlingLabs.Buffers.BufferOf48Bytes)
FNDA:0,System.Int32 StirlingLabs.Buffers.BufferComparer::Compare(StirlingLabs.Buffers.BufferOf48Bytes,StirlingLabs.Buffers.BufferOf48Bytes)
DA:42,0
FN:44,System.Boolean StirlingLabs.Buffers.BufferComparer::Equals(StirlingLabs.Buffers.BufferOf64Bytes,StirlingLabs.Buffers.BufferOf64Bytes)
FNDA:0,System.Boolean StirlingLabs.Buffers.BufferComparer::Equals(StirlingLabs.Buffers.BufferOf64Bytes,StirlingLabs.Buffers.BufferOf64Bytes)
DA:45,0
FN:47,System.Int32 StirlingLabs.Buffers.BufferComparer::GetHashCode(StirlingLabs.Buffers.BufferOf64Bytes)
FNDA:0,System.Int32 StirlingLabs.Buffers.BufferComparer::GetHashCode(StirlingLabs.Buffers.BufferOf64Bytes)
DA:48,0
FN:50,System.Int32 StirlingLabs.Buffers.BufferComparer::Compare(StirlingLabs.Buffers.BufferOf64Bytes,StirlingLabs.Buffers.BufferOf64Bytes)
FNDA:0,System.Int32 StirlingLabs.Buffers.BufferComparer::Compare(StirlingLabs.Buffers.BufferOf64Bytes,StirlingLabs.Buffers.BufferOf64Bytes)
DA:51,0
FN:14,System.Void StirlingLabs.Buffers.BufferComparer::.cctor()
FNDA:0,System.Void StirlingLabs.Buffers.BufferComparer::.cctor()
DA:15,0
LF:13
LH:0
BRF:0
BRH:0
FNF:13
FNH:0
end_of_record
SF:Buffers/BufferHelper.cs
FN:19,System.Int32 StirlingLabs.Buffers.BufferHelper::GetHashCode(System.Byte&,System.UInt32)
FNDA:0,System.Int32 StirlingLabs.Buffers.BufferHelper::GetHashCode(System.Byte&,System.UInt32)
DA:20,0
DA:21,0
DA:23,0
DA:25,0
DA:28,0
DA:29,0
DA:30,0
DA:32,0
DA:33,0
DA:35,0
DA:39,0
DA:42,0
DA:43,0
DA:44,0
DA:47,0
BRDA:23,15,0,0
BRDA:30,49,1,0
BRDA:30,49,0,0
BRDA:32,57,0,0
BRDA:32,57,1,0
BRDA:23,15,1,0
BRDA:44,121,1,0
BRDA:44,121,0,0
LF:15
LH:0
BRF:8
BRH:0
FNF:1
FNH:0
end_of_record
SF:Buffers/BufferOf28Bytes.cs
FN:16,StirlingLabs.Buffers.BufferComparer StirlingLabs.Buffers.BufferOf28Bytes::get_Comparer()
FNDA:0,StirlingLabs.Buffers.BufferComparer StirlingLabs.Buffers.BufferOf28Bytes::get_Comparer()
DA:17,0
FN:23,System.Int32 StirlingLabs.Buffers.BufferOf28Bytes::get_Length()
FNDA:0,System.Int32 StirlingLabs.Buffers.BufferOf28Bytes::get_Length()
DA:24,0
FN:28,System.Byte& StirlingLabs.Buffers.BufferOf28Bytes::GetPinnableReference()
FNDA:0,System.Byte& StirlingLabs.Buffers.BufferOf28Bytes::GetPinnableReference()
DA:29,0
FN:34,System.Byte& StirlingLabs.Buffers.BufferOf28Bytes::get_Item(System.UInt32)
FNDA:0,System.Byte& StirlingLabs.Buffers.BufferOf28Bytes::get_Item(System.UInt32)
DA:35,0
DA:36,0
BRDA:35,3,0,0
BRDA:35,3,1,0
FN:43,System.Byte& StirlingLabs.Buffers.BufferOf28Bytes::get_Item(System.Index)
FNDA:0,System.Byte& StirlingLabs.Buffers.BufferOf28Bytes::get_Item(System.Index)
DA:44,0
DA:45,0
DA:46,0
DA:47,0
BRDA:45,15,0,0
BRDA:45,15,1,0
BRDA:46,25,0,0
BRDA:46,25,1,0
FN:54,System.Span`1<System.Byte> StirlingLabs.Buffers.BufferOf28Bytes::get_Item(System.Range)
FNDA:0,System.Span`1<System.Byte> StirlingLabs.Buffers.BufferOf28Bytes::get_Item(System.Range)
DA:55,0
DA:56,0
DA:57,0
DA:58,0
DA:59,0
DA:60,0
DA:61,0
DA:62,0
DA:63,0
BRDA:56,31,0,0
BRDA:56,31,1,0
BRDA:58,69,0,0
BRDA:58,69,1,0
BRDA:59,83,0,0
BRDA:59,83,1,0
BRDA:60,98,0,0
BRDA:60,98,1,0
BRDA:60,102,0,0
BRDA:60,102,1,0
FN:68,System.Span`1<System.Byte> StirlingLabs.Buffers.BufferOf28Bytes::op_Implicit(StirlingLabs.Buffers.BufferOf28Bytes)
FNDA:0,System.Span`1<System.Byte> StirlingLabs.Buffers.BufferOf28Bytes::op_Implicit(StirlingLabs.Buffers.BufferOf28Bytes)
DA:69,0
FN:72,System.ReadOnlySpan`1<System.Byte> StirlingLabs.Buffers.BufferOf28Bytes::op_Implicit(StirlingLabs.Buffers.BufferOf28Bytes)
FNDA:0,System.ReadOnlySpan`1<System.Byte> StirlingLabs.Buffers.BufferOf28Bytes::op_Implicit(StirlingLabs.Buffers.BufferOf28Bytes)
DA:73,0
FN:75,System.String StirlingLabs.Buffers.BufferOf28Bytes::ToString()
FNDA:0,System.String StirlingLabs.Buffers.BufferOf28Bytes::ToString()
DA:76,0
FN:77,System.String StirlingLabs.Buffers.BufferOf28Bytes::get_HexString()
FNDA:0,System.String StirlingLabs.Buffers.BufferOf28Bytes::get_HexString()
DA:78,0
FN:80,System.Boolean StirlingLabs.Buffers.BufferOf28Bytes::Equals(StirlingLabs.Buffers.BufferOf28Bytes)
FNDA:0,System.Boolean StirlingLabs.Buffers.BufferOf28Bytes::Equals(StirlingLabs.Buffers.BufferOf28Bytes)
DA:81,0
FN:83,System.Boolean StirlingLabs.Buffers.BufferOf28Bytes::Equals(System.Object)
FNDA:0,System.Boolean StirlingLabs.Buffers.BufferOf28Bytes::Equals(System.Object)
DA:84,0
BRDA:84,6,0,0
BRDA:84,6,1,0
FN:87,System.Int32 StirlingLabs.Buffers.BufferOf28Bytes::GetHashCode()
FNDA:0,System.Int32 StirlingLabs.Buffers.BufferOf28Bytes::GetHashCode()
DA:88,0
FN:90,System.Boolean StirlingLabs.Buffers.BufferOf28Bytes::op_Equality(StirlingLabs.Buffers.BufferOf28Bytes,StirlingLabs.Buffers.BufferOf28Bytes)
FNDA:0,System.Boolean StirlingLabs.Buffers.BufferOf28Bytes::op_Equality(StirlingLabs.Buffers.BufferOf28Bytes,StirlingLabs.Buffers.BufferOf28Bytes)
DA:91,0
FN:93,System.Boolean StirlingLabs.Buffers.BufferOf28Bytes::op_Inequality(StirlingLabs.Buffers.BufferOf28Bytes,StirlingLabs.Buffers.BufferOf28Bytes)
FNDA:0,System.Boolean StirlingLabs.Buffers.BufferOf28Bytes::op_Inequality(StirlingLabs.Buffers.BufferOf28Bytes,StirlingLabs.Buffers.BufferOf28Bytes)
DA:94,0
FN:95,System.Int32 StirlingLabs.Buffers.BufferOf28Bytes::CompareTo(StirlingLabs.Buffers.BufferOf28Bytes)
FNDA:0,System.Int32 StirlingLabs.Buffers.BufferOf28Bytes::CompareTo(StirlingLabs.Buffers.BufferOf28Bytes)
DA:96,0
FN:98,System.Boolean StirlingLabs.Buffers.BufferOf28Bytes::op_LessThan(StirlingLabs.Buffers.BufferOf28Bytes,StirlingLabs.Buffers.BufferOf28Bytes)
FNDA:0,System.Boolean StirlingLabs.Buffers.BufferOf28Bytes::op_LessThan(StirlingLabs.Buffers.BufferOf28Bytes,StirlingLabs.Buffers.BufferOf28Bytes)
DA:99,0
FN:101,System.Boolean StirlingLabs.Buffers.BufferOf28Bytes::op_GreaterThan(StirlingLabs.Buffers.BufferOf28Bytes,StirlingLabs.Buffers.BufferOf28Bytes)
FNDA:0,System.Boolean StirlingLabs.Buffers.BufferOf28Bytes::op_GreaterThan(StirlingLabs.Buffers.BufferOf28Bytes,StirlingLabs.Buffers.BufferOf28Bytes)
DA:102,0
FN:104,System.Boolean StirlingLabs.Buffers.BufferOf28Bytes::op_LessThanOrEqual(StirlingLabs.Buffers.BufferOf28Bytes,StirlingLabs.Buffers.BufferOf28Bytes)
FNDA:0,System.Boolean StirlingLabs.Buffers.BufferOf28Bytes::op_LessThanOrEqual(StirlingLabs.Buffers.BufferOf28Bytes,StirlingLabs.Buffers.BufferOf28Bytes)
DA:105,0
FN:107,System.Boolean StirlingLabs.Buffers.BufferOf28Bytes::op_GreaterThanOrEqual(StirlingLabs.Buffers.BufferOf28Bytes,StirlingLabs.Buffers.BufferOf28Bytes)
FNDA:0,System.Boolean StirlingLabs.Buffers.BufferOf28Bytes::op_GreaterThanOrEqual(StirlingLabs.Buffers.BufferOf28Bytes,StirlingLabs.Buffers.BufferOf28Bytes)
DA:108,0
LF:32
LH:0
BRF:18
BRH:0
FNF:20
FNH:0
end_of_record
SF:Buffers/BufferOf32Bytes.cs
FN:15,StirlingLabs.Buffers.BufferComparer StirlingLabs.Buffers.BufferOf32Bytes::get_Comparer()
FNDA:0,StirlingLabs.Buffers.BufferComparer StirlingLabs.Buffers.BufferOf32Bytes::get_Comparer()
DA:16,0
FN:22,System.Int32 StirlingLabs.Buffers.BufferOf32Bytes::get_Length()
FNDA:0,System.Int32 StirlingLabs.Buffers.BufferOf32Bytes::get_Length()
DA:23,0
FN:27,System.Byte& StirlingLabs.Buffers.BufferOf32Bytes::GetPinnableReference()
FNDA:12,System.Byte& StirlingLabs.Buffers.BufferOf32Bytes::GetPinnableReference()
DA:28,12
FN:33,System.Byte& StirlingLabs.Buffers.BufferOf32Bytes::get_Item(System.UInt32)
FNDA:0,System.Byte& StirlingLabs.Buffers.BufferOf32Bytes::get_Item(System.UInt32)
DA:34,0
DA:35,0
BRDA:34,3,0,0
BRDA:34,3,1,0
FN:42,System.Byte& StirlingLabs.Buffers.BufferOf32Bytes::get_Item(System.Index)
FNDA:0,System.Byte& StirlingLabs.Buffers.BufferOf32Bytes::get_Item(System.Index)
DA:43,0
DA:44,0
DA:45,0
DA:46,0
BRDA:44,15,0,0
BRDA:44,15,1,0
BRDA:45,25,0,0
BRDA:45,25,1,0
FN:53,System.Span`1<System.Byte> StirlingLabs.Buffers.BufferOf32Bytes::get_Item(System.Range)
FNDA:0,System.Span`1<System.Byte> StirlingLabs.Buffers.BufferOf32Bytes::get_Item(System.Range)
DA:54,0
DA:55,0
DA:56,0
DA:57,0
DA:58,0
DA:59,0
DA:60,0
DA:61,0
DA:62,0
BRDA:55,31,0,0
BRDA:55,31,1,0
BRDA:57,69,0,0
BRDA:57,69,1,0
BRDA:58,83,0,0
BRDA:58,83,1,0
BRDA:59,98,0,0
BRDA:59,98,1,0
BRDA:59,102,0,0
BRDA:59,102,1,0
FN:67,System.Span`1<System.Byte> StirlingLabs.Buffers.BufferOf32Bytes::op_Implicit(StirlingLabs.Buffers.BufferOf32Bytes)
FNDA:6,System.Span`1<System.Byte> StirlingLabs.Buffers.BufferOf32Bytes::op_Implicit(StirlingLabs.Buffers.BufferOf32Bytes)
DA:68,6
FN:71,System.ReadOnlySpan`1<System.Byte> StirlingLabs.Buffers.BufferOf32Bytes::op_Implicit(StirlingLabs.Buffers.BufferOf32Bytes)
FNDA:0,System.ReadOnlySpan`1<System.Byte> StirlingLabs.Buffers.BufferOf32Bytes::op_Implicit(StirlingLabs.Buffers.BufferOf32Bytes)
DA:72,0
FN:74,System.String StirlingLabs.Buffers.BufferOf32Bytes::ToString()
FNDA:0,System.String StirlingLabs.Buffers.BufferOf32Bytes::ToString()
DA:75,0
FN:76,System.String StirlingLabs.Buffers.BufferOf32Bytes::get_HexString()
FNDA:0,System.String StirlingLabs.Buffers.BufferOf32Bytes::get_HexString()
DA:77,0
FN:79,System.Boolean StirlingLabs.Buffers.BufferOf32Bytes::Equals(StirlingLabs.Buffers.BufferOf32Bytes)
FNDA:0,System.Boolean StirlingLabs.Buffers.BufferOf32Bytes::Equals(StirlingLabs.Buffers.BufferOf32Bytes)
DA:80,0
FN:82,System.Boolean StirlingLabs.Buffers.BufferOf32Bytes::Equals(System.Object)
FNDA:0,System.Boolean StirlingLabs.Buffers.BufferOf32Bytes::Equals(System.Object)
DA:83,0
BRDA:83,6,0,0
BRDA:83,6,1,0
FN:86,System.Int32 StirlingLabs.Buffers.BufferOf32Bytes::GetHashCode()
FNDA:0,System.Int32 StirlingLabs.Buffers.BufferOf32Bytes::GetHashCode()
DA:87,0
FN:89,System.Boolean StirlingLabs.Buffers.BufferOf32Bytes::op_Equality(StirlingLabs.Buffers.BufferOf32Bytes,StirlingLabs.Buffers.BufferOf32Bytes)
FNDA:0,System.Boolean StirlingLabs.Buffers.BufferOf32Bytes::op_Equality(StirlingLabs.Buffers.BufferOf32Bytes,StirlingLabs.Buffers.BufferOf32Bytes)
DA:90,0
FN:92,System.Boolean StirlingLabs.Buffers.BufferOf32Bytes::op_Inequality(StirlingLabs.Buffers.BufferOf32Bytes,StirlingLabs.Buffers.BufferOf32Bytes)
FNDA:0,System.Boolean StirlingLabs.Buffers.BufferOf32Bytes::op_Inequality(StirlingLabs.Buffers.BufferOf32Bytes,StirlingLabs.Buffers.BufferOf32Bytes)
DA:93,0
FN:94,System.Int32 StirlingLabs.Buffers.BufferOf32Bytes::CompareTo(StirlingLabs.Buffers.BufferOf32Bytes)
FNDA:0,System.Int32 StirlingLabs.Buffers.BufferOf32Bytes::CompareTo(StirlingLabs.Buffers.BufferOf32Bytes)
DA:95,0
FN:97,System.Boolean StirlingLabs.Buffers.BufferOf32Bytes::op_LessThan(StirlingLabs.Buffers.BufferOf32Bytes,StirlingLabs.Buffers.BufferOf32Bytes)
FNDA:0,System.Boolean StirlingLabs.Buffers.BufferOf32Bytes::op_LessThan(StirlingLabs.Buffers.BufferOf32Bytes,StirlingLabs.Buffers.BufferOf32Bytes)
DA:98,0
FN:100,System.Boolean StirlingLabs.Buffers.BufferOf32Bytes::op_GreaterThan(StirlingLabs.Buffers.BufferOf32Bytes,StirlingLabs.Buffers.BufferOf32Bytes)
FNDA:0,System.Boolean StirlingLabs.Buffers.BufferOf32Bytes::op_GreaterThan(StirlingLabs.Buffers.BufferOf32Bytes,StirlingLabs.Buffers.BufferOf32Bytes)
DA:101,0
FN:103,System.Boolean StirlingLabs.Buffers.BufferOf32Bytes::op_LessThanOrEqual(StirlingLabs.Buffers.BufferOf32Bytes,StirlingLabs.Buffers.BufferOf32Bytes)
FNDA:0,System.Boolean StirlingLabs.Buffers.BufferOf32Bytes::op_LessThanOrEqual(StirlingLabs.Buffers.BufferOf32Bytes,StirlingLabs.Buffers.BufferOf32Bytes)
DA:104,0
FN:106,System.Boolean StirlingLabs.Buffers.BufferOf32Bytes::op_GreaterThanOrEqual(StirlingLabs.Buffers.BufferOf32Bytes,StirlingLabs.Buffers.BufferOf32Bytes)
FNDA:0,System.Boolean StirlingLabs.Buffers.BufferOf32Bytes::op_GreaterThanOrEqual(StirlingLabs.Buffers.BufferOf32Bytes,StirlingLabs.Buffers.BufferOf32Bytes)
DA:107,0
LF:32
LH:2
BRF:18
BRH:0
FNF:20
FNH:2
end_of_record
SF:Buffers/BufferOf48Bytes.cs
FN:15,StirlingLabs.Buffers.BufferComparer StirlingLabs.Buffers.BufferOf48Bytes::get_Comparer()
FNDA:0,StirlingLabs.Buffers.BufferComparer StirlingLabs.Buffers.BufferOf48Bytes::get_Comparer()
DA:16,0
FN:22,System.Int32 StirlingLabs.Buffers.BufferOf48Bytes::get_Length()
FNDA:0,System.Int32 StirlingLabs.Buffers.BufferOf48Bytes::get_Length()
DA:23,0
FN:27,System.Byte& StirlingLabs.Buffers.BufferOf48Bytes::GetPinnableReference()
FNDA:0,System.Byte& StirlingLabs.Buffers.BufferOf48Bytes::GetPinnableReference()
DA:28,0
FN:33,System.Byte& StirlingLabs.Buffers.BufferOf48Bytes::get_Item(System.UInt32)
FNDA:0,System.Byte& StirlingLabs.Buffers.BufferOf48Bytes::get_Item(System.UInt32)
DA:34,0
DA:35,0
BRDA:34,3,0,0
BRDA:34,3,1,0
FN:42,System.Byte& StirlingLabs.Buffers.BufferOf48Bytes::get_Item(System.Index)
FNDA:0,System.Byte& StirlingLabs.Buffers.BufferOf48Bytes::get_Item(System.Index)
DA:43,0
DA:44,0
DA:45,0
DA:46,0
BRDA:44,15,0,0
BRDA:44,15,1,0
BRDA:45,25,0,0
BRDA:45,25,1,0
FN:53,System.Span`1<System.Byte> StirlingLabs.Buffers.BufferOf48Bytes::get_Item(System.Range)
FNDA:0,System.Span`1<System.Byte> StirlingLabs.Buffers.BufferOf48Bytes::get_Item(System.Range)
DA:54,0
DA:55,0
DA:56,0
DA:57,0
DA:58,0
DA:59,0
DA:60,0
DA:61,0
DA:62,0
BRDA:55,31,0,0
BRDA:55,31,1,0
BRDA:57,69,0,0
BRDA:57,69,1,0
BRDA:58,83,0,0
BRDA:58,83,1,0
BRDA:59,98,0,0
BRDA:59,98,1,0
BRDA:59,102,0,0
BRDA:59,102,1,0
FN:67,System.Span`1<System.Byte> StirlingLabs.Buffers.BufferOf48Bytes::op_Implicit(StirlingLabs.Buffers.BufferOf48Bytes)
FNDA:0,System.Span`1<System.Byte> StirlingLabs.Buffers.BufferOf48Bytes::op_Implicit(StirlingLabs.Buffers.BufferOf48Bytes)
DA:68,0
FN:71,System.ReadOnlySpan`1<System.Byte> StirlingLabs.Buffers.BufferOf48Bytes::op_Implicit(StirlingLabs.Buffers.BufferOf48Bytes)
FNDA:0,System.ReadOnlySpan`1<System.Byte> StirlingLabs.Buffers.BufferOf48Bytes::op_Implicit(StirlingLabs.Buffers.BufferOf48Bytes)
DA:72,0
FN:74,System.String StirlingLabs.Buffers.BufferOf48Bytes::ToString()
FNDA:0,System.String StirlingLabs.Buffers.BufferOf48Bytes::ToString()
DA:75,0
FN:76,System.String StirlingLabs.Buffers.BufferOf48Bytes::get_HexString()
FNDA:0,System.String StirlingLabs.Buffers.BufferOf48Bytes::get_HexString()
DA:77,0
FN:79,System.Boolean StirlingLabs.Buffers.BufferOf48Bytes::Equals(StirlingLabs.Buffers.BufferOf48Bytes)
FNDA:0,System.Boolean StirlingLabs.Buffers.BufferOf48Bytes::Equals(StirlingLabs.Buffers.BufferOf48Bytes)
DA:80,0
FN:82,System.Boolean StirlingLabs.Buffers.BufferOf48Bytes::Equals(System.Object)
FNDA:0,System.Boolean StirlingLabs.Buffers.BufferOf48Bytes::Equals(System.Object)
DA:83,0
BRDA:83,6,0,0
BRDA:83,6,1,0
FN:86,System.Int32 StirlingLabs.Buffers.BufferOf48Bytes::GetHashCode()
FNDA:0,System.Int32 StirlingLabs.Buffers.BufferOf48Bytes::GetHashCode()
DA:87,0
FN:89,System.Boolean StirlingLabs.Buffers.BufferOf48Bytes::op_Equality(StirlingLabs.Buffers.BufferOf48Bytes,StirlingLabs.Buffers.BufferOf48Bytes)
FNDA:0,System.Boolean StirlingLabs.Buffers.BufferOf48Bytes::op_Equality(StirlingLabs.Buffers.BufferOf48Bytes,StirlingLabs.Buffers.BufferOf48Bytes)
DA:90,0
FN:92,System.Boolean StirlingLabs.Buffers.BufferOf48Bytes::op_Inequality(StirlingLabs.Buffers.BufferOf48Bytes,StirlingLabs.Buffers.BufferOf48Bytes)
FNDA:0,System.Boolean StirlingLabs.Buffers.BufferOf48Bytes::op_Inequality(StirlingLabs.Buffers.BufferOf48Bytes,StirlingLabs.Buffers.BufferOf48Bytes)
DA:93,0
FN:94,System.Int32 StirlingLabs.Buffers.BufferOf48Bytes::CompareTo(StirlingLabs.Buffers.BufferOf48Bytes)
FNDA:0,System.Int32 StirlingLabs.Buffers.BufferOf48Bytes::CompareTo(StirlingLabs.Buffers.BufferOf48Bytes)
DA:95,0
FN:97,System.Boolean StirlingLabs.Buffers.BufferOf48Bytes::op_LessThan(StirlingLabs.Buffers.BufferOf48Bytes,StirlingLabs.Buffers.BufferOf48Bytes)
FNDA:0,System.Boolean StirlingLabs.Buffers.BufferOf48Bytes::op_LessThan(StirlingLabs.Buffers.BufferOf48Bytes,StirlingLabs.Buffers.BufferOf48Bytes)
DA:98,0
FN:100,System.Boolean StirlingLabs.Buffers.BufferOf48Bytes::op_GreaterThan(StirlingLabs.Buffers.BufferOf48Bytes,StirlingLabs.Buffers.BufferOf48Bytes)
FNDA:0,System.Boolean StirlingLabs.Buffers.BufferOf48Bytes::op_GreaterThan(StirlingLabs.Buffers.BufferOf48Bytes,StirlingLabs.Buffers.BufferOf48Bytes)
DA:101,0
FN:103,System.Boolean StirlingLabs.Buffers.BufferOf48Bytes::op_LessThanOrEqual(StirlingLabs.Buffers.BufferOf48Bytes,StirlingLabs.Buffers.BufferOf48Bytes)
FNDA:0,System.Boolean StirlingLabs.Buffers.BufferOf48Bytes::op_LessThanOrEqual(StirlingLabs.Buffers.BufferOf48Bytes,StirlingLabs.Buffers.BufferOf48Bytes)
DA:104,0
FN:106,System.Boolean StirlingLabs.Buffers.BufferOf48Bytes::op_GreaterThanOrEqual(StirlingLabs.Buffers.BufferOf48Bytes,StirlingLabs.Buffers.BufferOf48Bytes)
FNDA:0,System.Boolean StirlingLabs.Buffers.BufferOf48Bytes::op_GreaterThanOrEqual(StirlingLabs.Buffers.BufferOf48Bytes,StirlingLabs.Buffers.BufferOf48Bytes)
DA:107,0
LF:32
LH:0
BRF:18
BRH:0
FNF:20
FNH:0
end_of_record
SF:Buffers/BufferOf64Bytes.cs
FN:15,StirlingLabs.Buffers.BufferComparer StirlingLabs.Buffers.BufferOf64Bytes::get_Comparer()
FNDA:0,StirlingLabs.Buffers.BufferComparer StirlingLabs.Buffers.BufferOf64Bytes::get_Comparer()
DA:16,0
FN:22,System.Int32 StirlingLabs.Buffers.BufferOf64Bytes::get_Length()
FNDA:0,System.Int32 StirlingLabs.Buffers.BufferOf64Bytes::get_Length()
DA:23,0
FN:27,System.Byte& StirlingLabs.Buffers.BufferOf64Bytes::GetPinnableReference()
FNDA:0,System.Byte& StirlingLabs.Buffers.BufferOf64Bytes::GetPinnableReference()
DA:28,0
FN:33,System.Byte& StirlingLabs.Buffers.BufferOf64Bytes::get_Item(System.UInt32)
FNDA:0,System.Byte& StirlingLabs.Buffers.BufferOf64Bytes::get_Item(System.UInt32)
DA:34,0
DA:35,0
BRDA:34,3,0,0
BRDA:34,3,1,0
FN:42,System.Byte& StirlingLabs.Buffers.BufferOf64Bytes::get_Item(System.Index)
FNDA:0,System.Byte& StirlingLabs.Buffers.BufferOf64Bytes::get_Item(System.Index)
DA:43,0
DA:44,0
DA:45,0
DA:46,0
BRDA:44,15,0,0
BRDA:44,15,1,0
BRDA:45,25,0,0
BRDA:45,25,1,0
FN:53,System.Span`1<System.Byte> StirlingLabs.Buffers.BufferOf64Bytes::get_Item(System.Range)
FNDA:0,System.Span`1<System.Byte> StirlingLabs.Buffers.BufferOf64Bytes::get_Item(System.Range)
DA:54,0
DA:55,0
DA:56,0
DA:57,0
DA:58,0
DA:59,0
DA:60,0
DA:61,0
DA:62,0
BRDA:55,31,0,0
BRDA:55,31,1,0
BRDA:57,69,0,0
BRDA:57,69,1,0
BRDA:58,83,0,0
BRDA:58,83,1,0
BRDA:59,98,0,0
BRDA:59,98,1,0
BRDA:59,102,0,0
BRDA:59,102,1,0
FN:67,System.Span`1<System.Byte> StirlingLabs.Buffers.BufferOf64Bytes::op_Implicit(StirlingLabs.Buffers.BufferOf64Bytes)
FNDA:0,System.Span`1<System.Byte> StirlingLabs.Buffers.BufferOf64Bytes::op_Implicit(StirlingLabs.Buffers.BufferOf64Bytes)
DA:68,0
FN:71,System.ReadOnlySpan`1<System.Byte> StirlingLabs.Buffers.BufferOf64Bytes::op_Implicit(StirlingLabs.Buffers.BufferOf64Bytes)
FNDA:0,System.ReadOnlySpan`1<System.Byte> StirlingLabs.Buffers.BufferOf64Bytes::op_Implicit(StirlingLabs.Buffers.BufferOf64Bytes)
DA:72,0
FN:74,System.String StirlingLabs.Buffers.BufferOf64Bytes::ToString()
FNDA:0,System.String StirlingLabs.Buffers.BufferOf64Bytes::ToString()
DA:75,0
FN:76,System.String StirlingLabs.Buffers.BufferOf64Bytes::get_HexString()
FNDA:0,System.String StirlingLabs.Buffers.BufferOf64Bytes::get_HexString()
DA:77,0
FN:79,System.Boolean StirlingLabs.Buffers.BufferOf64Bytes::Equals(StirlingLabs.Buffers.BufferOf64Bytes)
FNDA:0,System.Boolean StirlingLabs.Buffers.BufferOf64Bytes::Equals(StirlingLabs.Buffers.BufferOf64Bytes)
DA:80,0
FN:82,System.Boolean StirlingLabs.Buffers.BufferOf64Bytes::Equals(System.Object)
FNDA:0,System.Boolean StirlingLabs.Buffers.BufferOf64Bytes::Equals(System.Object)
DA:83,0
BRDA:83,6,0,0
BRDA:83,6,1,0
FN:86,System.Int32 StirlingLabs.Buffers.BufferOf64Bytes::GetHashCode()
FNDA:0,System.Int32 StirlingLabs.Buffers.BufferOf64Bytes::GetHashCode()
DA:87,0
FN:89,System.Boolean StirlingLabs.Buffers.BufferOf64Bytes::op_Equality(StirlingLabs.Buffers.BufferOf64Bytes,StirlingLabs.Buffers.BufferOf64Bytes)
FNDA:0,System.Boolean StirlingLabs.Buffers.BufferOf64Bytes::op_Equality(StirlingLabs.Buffers.BufferOf64Bytes,StirlingLabs.Buffers.BufferOf64Bytes)
DA:90,0
FN:92,System.Boolean StirlingLabs.Buffers.BufferOf64Bytes::op_Inequality(StirlingLabs.Buffers.BufferOf64Bytes,StirlingLabs.Buffers.BufferOf64Bytes)
FNDA:0,System.Boolean StirlingLabs.Buffers.BufferOf64Bytes::op_Inequality(StirlingLabs.Buffers.BufferOf64Bytes,StirlingLabs.Buffers.BufferOf64Bytes)
DA:93,0
FN:94,System.Int32 StirlingLabs.Buffers.BufferOf64Bytes::CompareTo(StirlingLabs.Buffers.BufferOf64Bytes)
FNDA:0,System.Int32 StirlingLabs.Buffers.BufferOf64Bytes::CompareTo(StirlingLabs.Buffers.BufferOf64Bytes)
DA:95,0
FN:97,System.Boolean StirlingLabs.Buffers.BufferOf64Bytes::op_LessThan(StirlingLabs.Buffers.BufferOf64Bytes,StirlingLabs.Buffers.BufferOf64Bytes)
FNDA:0,System.Boolean StirlingLabs.Buffers.BufferOf64Bytes::op_LessThan(StirlingLabs.Buffers.BufferOf64Bytes,StirlingLabs.Buffers.BufferOf64Bytes)
DA:98,0
FN:100,System.Boolean StirlingLabs.Buffers.BufferOf64Bytes::op_GreaterThan(StirlingLabs.Buffers.BufferOf64Bytes,StirlingLabs.Buffers.BufferOf64Bytes)
FNDA:0,System.Boolean StirlingLabs.Buffers.BufferOf64Bytes::op_GreaterThan(StirlingLabs.Buffers.BufferOf64Bytes,StirlingLabs.Buffers.BufferOf64Bytes)
DA:101,0
FN:103,System.Boolean StirlingLabs.Buffers.BufferOf64Bytes::op_LessThanOrEqual(StirlingLabs.Buffers.BufferOf64Bytes,StirlingLabs.Buffers.BufferOf64Bytes)
FNDA:0,System.Boolean StirlingLabs.Buffers.BufferOf64Bytes::op_LessThanOrEqual(StirlingLabs.Buffers.BufferOf64Bytes,StirlingLabs.Buffers.BufferOf64Bytes)
DA:104,0
FN:106,System.Boolean StirlingLabs.Buffers.BufferOf64Bytes::op_GreaterThanOrEqual(StirlingLabs.Buffers.BufferOf64Bytes,StirlingLabs.Buffers.BufferOf64Bytes)
FNDA:0,System.Boolean StirlingLabs.Buffers.BufferOf64Bytes::op_GreaterThanOrEqual(StirlingLabs.Buffers.BufferOf64Bytes,StirlingLabs.Buffers.BufferOf64Bytes)
DA:107,0
LF:32
LH:0
BRF:18
BRH:0
FNF:20
FNH:0
end_of_record
